\BOOKMARK [1][-]{section*.1}{\376\377\000T\000a\000b\000l\000e\000\040\000o\000f\000\040\000c\000o\000n\000t\000e\000n\000t\000s}{}% 1
\BOOKMARK [1][-]{section.1}{\376\377\000N\000e\000u\000r\000a\000l\000\040\000n\000e\000t\000w\000o\000r\000k\000s}{}% 2
\BOOKMARK [2][-]{subsection.1.1}{\376\377\000I\000n\000t\000u\000i\000t\000i\000o\000n}{section.1}% 3
\BOOKMARK [2][-]{subsection.1.2}{\376\377\000A\000c\000t\000i\000v\000a\000t\000i\000o\000n\000\040\000f\000u\000n\000c\000t\000i\000o\000n\000s}{section.1}% 4
\BOOKMARK [2][-]{subsection.1.3}{\376\377\000T\000r\000a\000i\000n\000i\000n\000g\000\040\000t\000h\000e\000\040\000m\000o\000d\000e\000l}{section.1}% 5
\BOOKMARK [3][-]{subsubsection.1.3.1}{\376\377\000F\000o\000r\000w\000a\000r\000d\000\040\000p\000r\000o\000p\000a\000g\000a\000t\000i\000o\000n}{subsection.1.3}% 6
\BOOKMARK [3][-]{subsubsection.1.3.2}{\376\377\000B\000a\000c\000k\000\040\000p\000r\000o\000p\000a\000g\000a\000t\000i\000o\000n}{subsection.1.3}% 7
\BOOKMARK [3][-]{subsubsection.1.3.3}{\376\377\000B\000a\000c\000k\000\040\000p\000r\000o\000p\000a\000g\000a\000t\000i\000o\000n\000\040\000d\000e\000r\000i\000v\000a\000t\000i\000o\000n}{subsection.1.3}% 8
\BOOKMARK [2][-]{subsection.1.4}{\376\377\000C\000o\000n\000v\000o\000l\000u\000t\000i\000o\000n\000a\000l\000\040\000n\000e\000u\000r\000a\000l\000\040\000n\000e\000t\000w\000o\000r\000k}{section.1}% 9
\BOOKMARK [3][-]{subsubsection.1.4.1}{\376\377\000E\000d\000g\000e\000\040\000d\000e\000t\000e\000c\000t\000i\000o\000n}{subsection.1.4}% 10
\BOOKMARK [3][-]{subsubsection.1.4.2}{\376\377\000P\000a\000d\000d\000i\000n\000g}{subsection.1.4}% 11
\BOOKMARK [3][-]{subsubsection.1.4.3}{\376\377\000S\000t\000r\000i\000d\000e\000d\000\040\000c\000o\000n\000v\000o\000l\000u\000t\000i\000o\000n}{subsection.1.4}% 12
\BOOKMARK [3][-]{subsubsection.1.4.4}{\376\377\000C\000o\000n\000v\000o\000l\000u\000t\000i\000o\000n\000\040\000o\000v\000e\000r\000\040\000a\000\040\000v\000o\000l\000u\000m\000e}{subsection.1.4}% 13
\BOOKMARK [3][-]{subsubsection.1.4.5}{\376\377\000O\000n\000e\000\040\000l\000a\000y\000e\000r\000\040\000o\000f\000\040\000a\000\040\000c\000n\000n}{subsection.1.4}% 14
\BOOKMARK [3][-]{subsubsection.1.4.6}{\376\377\000C\000n\000n\000\040\000n\000o\000t\000a\000t\000i\000o\000n}{subsection.1.4}% 15
\BOOKMARK [3][-]{subsubsection.1.4.7}{\376\377\000E\000x\000a\000m\000p\000l\000e\000\040\000c\000n\000n\000\040\000\050\000n\000o\000t\000\040\000v\000e\000c\000t\000o\000r\000i\000z\000e\000d\000\051}{subsection.1.4}% 16
\BOOKMARK [3][-]{subsubsection.1.4.8}{\376\377\000P\000o\000o\000l\000i\000n\000g\000\040\000l\000a\000y\000e\000r\000s}{subsection.1.4}% 17
\BOOKMARK [3][-]{subsubsection.1.4.9}{\376\377\000F\000u\000l\000l\000y\000\040\000c\000o\000n\000n\000e\000c\000t\000e\000d\000\040\000l\000a\000y\000e\000r}{subsection.1.4}% 18
\BOOKMARK [3][-]{subsubsection.1.4.10}{\376\377\000F\000o\000r\000w\000a\000r\000d\000\040\000p\000r\000o\000p}{subsection.1.4}% 19
\BOOKMARK [3][-]{subsubsection.1.4.11}{\376\377\000W\000h\000y\000\040\000c\000o\000n\000v\000o\000l\000u\000t\000i\000o\000n\000s}{subsection.1.4}% 20
\BOOKMARK [2][-]{subsection.1.5}{\376\377\000I\000m\000p\000r\000o\000v\000i\000n\000g\000\040\000m\000o\000d\000e\000l}{section.1}% 21
\BOOKMARK [3][-]{subsubsection.1.5.1}{\376\377\000F\000i\000x\000i\000n\000g\000\040\000h\000i\000g\000h\000\040\000b\000i\000a\000s\000/\000v\000a\000r\000i\000a\000n\000c\000e}{subsection.1.5}% 22
\BOOKMARK [3][-]{subsubsection.1.5.2}{\376\377\000A\000d\000d\000i\000n\000g\000\040\000d\000a\000t\000a}{subsection.1.5}% 23
\BOOKMARK [1][-]{section.2}{\376\377\000C\000n\000n\000\040\000b\000a\000c\000k\000\040\000p\000r\000o\000p}{}% 24
\BOOKMARK [2][-]{subsection.2.1}{\376\377\000d\000L\000d\000b}{section.2}% 25
\BOOKMARK [3][-]{subsubsection.2.1.1}{\376\377\000d\000L\000d\000A\000l\000e\000n\000u\000v}{subsection.2.1}% 26
\BOOKMARK [3][-]{subsubsection.2.1.2}{\376\377\000d\000A\000l\000e\000n\000u\000v\000d\000Z\000l\000e\000n\000u\000v}{subsection.2.1}% 27
\BOOKMARK [3][-]{subsubsection.2.1.3}{\376\377\000d\000Z\000l\000e\000n\000u\000v\000d\000b\000l\000n}{subsection.2.1}% 28
\BOOKMARK [2][-]{subsection.2.2}{\376\377\000d\000L\000d\000W}{section.2}% 29
\BOOKMARK [2][-]{subsection.2.3}{\376\377\000S\000u\000m\000m\000a\000r\000y}{section.2}% 30
\BOOKMARK [3][-]{subsubsection.2.3.1}{\376\377\000d\000b\000:\000\040\000c\000o\000n\000v\000\040\0001\000\040\000\040\000c\000o\000n\000v\000\040\0002}{subsection.2.3}% 31
\BOOKMARK [3][-]{subsubsection.2.3.2}{\376\377\000d\000b\000:\000\040\000c\000o\000n\000v\000\040\0002\000\040\000\040\000d\000e\000n\000s\000e}{subsection.2.3}% 32
\BOOKMARK [3][-]{subsubsection.2.3.3}{\376\377\000d\000w\000:\000\040\000c\000o\000n\000v\000\040\0001\000\040\000\040\000c\000o\000n\000v\000\040\0002}{subsection.2.3}% 33
\BOOKMARK [3][-]{subsubsection.2.3.4}{\376\377\000d\000w\000:\000\040\000c\000o\000n\000v\000\040\0002\000\040\000\040\000d\000e\000n\000s\000e}{subsection.2.3}% 34
